<?xml version="1.0" encoding="UTF-8"?>
<Site BuildName="Darwin-c++"
	BuildStamp="20250705-1540-Experimental"
	Name="JYB-MBP"
	Generator="ctest-4.0.1"
	CompilerName="/usr/bin/c++"
	CompilerVersion="17.0.0.17000013"
	OSName="macOS"
	Hostname="JYB-MBP"
	OSRelease="15.5"
	OSVersion="24F74"
	OSPlatform="arm64"
	Is64Bits="1"
	VendorString="Apple"
	VendorID="Apple"
	FamilyID="0"
	ModelID="0"
	ModelName="Apple M2 Pro"
	ProcessorCacheSize="131072"
	NumberOfLogicalCPU="12"
	NumberOfPhysicalCPU="12"
	TotalVirtualMemory="0"
	TotalPhysicalMemory="32768"
	LogicalProcessorsPerPhysical="12"
	ProcessorClockFrequency="0"
	>
	<Build>
		<StartDateTime>Jul 05 23:40 CST</StartDateTime>
		<StartBuildTime>1751730023</StartBuildTime>
		<BuildCommand>/opt/homebrew/bin/cmake --build . --config "Debug"</BuildCommand>
		<Log Encoding="base64" Compression="bin/gzip"/>
		<EndDateTime>Jul 05 23:40 CST</EndDateTime>
		<EndBuildTime>1751730023</EndBuildTime>
		<ElapsedMinutes>0</ElapsedMinutes>
	</Build>
</Site>
